<?xml version="1.0" encoding="UTF-8"?>
<!-- Generated by org.testng.reporters.JUnitReportReporter -->
<testsuite hostname="LAPTOP-CTMN0C02" failures="0" tests="1" name="com.hrms.testscripts.TC001_Login_Logout" time="109.662" errors="0" timestamp="23 Jul 2022 05:35:36 GMT">
  <testcase classname="com.hrms.testscripts.TC001_Login_Logout" name="tc001" time="109.662"/>
</testsuite> <!-- com.hrms.testscripts.TC001_Login_Logout -->
